
Request: POST /users/register at Sun Apr 09 2023 09:21:00 GMT-0400, IP: ::1, User Agent: PostmanRuntime/7.31.3
Request Body:
{
	"firstName": "John",
	"lastName": "Bolton",
	"email": "sams@email.com",
	"password": "orkier"
}
Response Body:
{
	"success": 0,
	"erros": [
		{
			"value": "orkier",
			"msg": "The password should be at least 8 char long, one uppercase, one lowercase, one special character",
			"param": "password",
			"location": "body"
		}
	]
}
Response: 400 287.732 ms 

Request: POST /users/register at Sun Apr 09 2023 09:22:44 GMT-0400, IP: ::1, User Agent: PostmanRuntime/7.31.3
Request Body:
{
	"firstName": "John",
	"lastName": "Bolton",
	"email": "sams@email.com",
	"password": "orkier"
}
Response Body:
{
	"success": 0,
	"erros": [
		{
			"value": "orkier",
			"msg": "The password should be at least 8 char long, one uppercase, one lowercase, one special character",
			"param": "password",
			"location": "body"
		}
	]
}
Response: 400 202.781 ms 

Request: GET / at Sun Apr 09 2023 10:38:25 GMT-0400, IP: ::1, User Agent: Mozilla/5.0 (Windows NT 10.0; Win64; x64) AppleWebKit/537.36 (KHTML, like Gecko) Chrome/111.0.0.0 Safari/537.36
Response: 404 2.282 ms 

Request: GET /report/apiTestsResults at Sun Apr 09 2023 10:38:49 GMT-0400, IP: ::1, User Agent: Mozilla/5.0 (Windows NT 10.0; Win64; x64) AppleWebKit/537.36 (KHTML, like Gecko) Chrome/111.0.0.0 Safari/537.36
Response Body:
<!doctype html>
<html lang="en"><head><meta charSet="utf-8"/><meta http-equiv="X-UA-Compatible" content="IE=edge"/><meta name="viewport" content="width=device-width, initial-scale=1"/><title>Mochawesome Report</title><style>/*! mochawesome-report-generator 6.2.0 | https://github.com/adamgruber/mochawesome-report-generator */
:root{--screen-sm-min:768px;--screen-md-min:992px;--screen-lg-min:1200px;--grid-gutter-width:30px;--container-sm:calc(720px + var(--grid-gutter-width));--container-md:calc(940px + var(--grid-gutter-width));--container-lg:calc(1140px + var(--grid-gutter-width));--navbar-height:122px;--navbar-height-short:56px;--summary-height-stacked:82px;--statusbar-height-stacked:54px;--footer-height:60px;--default-transition-duration:0.2s;--default-transition-easing:ease;--gray-base:#000;--gray-darker-faded:color(var(--gray-darker) alpha(95%));--gray-darker:color(var(--gray-base) tint(13.5%));--gray-dark:color(var(--gray-base) tint(20%));--gray:color(var(--gray-base) tint(33.5%))
Response: 200 6.006 ms 
